                                                                                                    QUERY PLAN                                                                                                     
-------------------------------------------------------------------------------------------------------------------------------------------------------------------------------------------------------------------
 Limit  (cost=430467.33..430467.40 rows=30 width=2248) (actual time=1188.854..1188.870 rows=25 loops=1)
   ->  Sort  (cost=430467.33..430601.48 rows=53663 width=2248) (actual time=1188.852..1188.859 rows=25 loops=1)
         Sort Key: fec_fitem_sched_a.contb_receipt_dt DESC, fec_fitem_sched_a.sub_id DESC
         Sort Method: quicksort  Memory: 50kB
         ->  Hash Left Join  (cost=80435.55..428882.42 rows=53663 width=2248) (actual time=1101.710..1188.738 rows=25 loops=1)
               Hash Cond: (((fec_fitem_sched_a.clean_contbr_id)::text = (ofec_committee_history_mv_2.committee_id)::text) AND (fec_fitem_sched_a.two_year_transaction_period = ofec_committee_history_mv_2.cycle))
               ->  Hash Left Join  (cost=40217.78..342036.14 rows=53663 width=1923) (actual time=639.194..689.684 rows=25 loops=1)
                     Hash Cond: (((fec_fitem_sched_a.cmte_id)::text = (ofec_committee_history_mv_1.committee_id)::text) AND (fec_fitem_sched_a.two_year_transaction_period = ofec_committee_history_mv_1.cycle))
                     ->  Append  (cost=0.00..259381.85 rows=53663 width=1602) (actual time=2.960..16.644 rows=25 loops=1)
                           ->  Seq Scan on fec_fitem_sched_a  (cost=0.00..0.00 rows=1 width=5691) (actual time=0.006..0.006 rows=0 loops=1)
                                 Filter: (is_individual AND ((contributor_name_text @@ to_tsquery('Vavic'::text)) OR (contributor_name_text @@ to_tsquery('Vandemoer'::text))))
                           ->  Bitmap Heap Scan on fec_fitem_sched_a_1975_1976  (cost=24.51..29.02 rows=1 width=3657) (actual time=0.063..0.063 rows=0 loops=1)
                                 Recheck Cond: ((contributor_name_text @@ to_tsquery('Vavic'::text)) OR (contributor_name_text @@ to_tsquery('Vandemoer'::text)))
                                 Filter: is_individual
                                 ->  BitmapOr  (cost=24.51..24.51 rows=1 width=0) (actual time=0.061..0.061 rows=0 loops=1)
                                       ->  Bitmap Index Scan on idx_sched_a_1975_1976_contrib_name_text_dt_sub_id  (cost=0.00..12.25 rows=1 width=0) (actual time=0.048..0.048 rows=0 loops=1)
                                             Index Cond: (contributor_name_text @@ to_tsquery('Vavic'::text))
                                       ->  Bitmap Index Scan on idx_sched_a_1975_1976_contrib_name_text_dt_sub_id  (cost=0.00..12.25 rows=1 width=0) (actual time=0.013..0.013 rows=0 loops=1)
                                             Index Cond: (contributor_name_text @@ to_tsquery('Vandemoer'::text))
                           ->  Bitmap Heap Scan on fec_fitem_sched_a_1977_1978  (cost=41.24..445.93 rows=64 width=3538) (actual time=0.085..0.085 rows=0 loops=1)
                                 Recheck Cond: ((contributor_name_text @@ to_tsquery('Vavic'::text)) OR (contributor_name_text @@ to_tsquery('Vandemoer'::text)))
                                 Filter: is_individual
                                 ->  BitmapOr  (cost=41.24..41.24 rows=94 width=0) (actual time=0.085..0.085 rows=0 loops=1)
                                       ->  Bitmap Index Scan on idx_sched_a_1977_1978_contrib_name_text_dt_sub_id  (cost=0.00..20.60 rows=47 width=0) (actual time=0.060..0.060 rows=0 loops=1)
                                             Index Cond: (contributor_name_text @@ to_tsquery('Vavic'::text))
                                       ->  Bitmap Index Scan on idx_sched_a_1977_1978_contrib_name_text_dt_sub_id  (cost=0.00..20.60 rows=47 width=0) (actual time=0.022..0.022 rows=0 loops=1)
                                             Index Cond: (contributor_name_text @@ to_tsquery('Vandemoer'::text))
                           ->  Bitmap Heap Scan on fec_fitem_sched_a_1979_1980  (cost=41.47..575.17 rows=85 width=3701) (actual time=0.074..0.074 rows=0 loops=1)
                                 Recheck Cond: ((contributor_name_text @@ to_tsquery('Vavic'::text)) OR (contributor_name_text @@ to_tsquery('Vandemoer'::text)))
                                 Filter: is_individual
                                 ->  BitmapOr  (cost=41.47..41.47 rows=124 width=0) (actual time=0.072..0.072 rows=0 loops=1)
                                       ->  Bitmap Index Scan on idx_sched_a_1979_1980_contrib_name_text_dt_sub_id  (cost=0.00..20.71 rows=62 width=0) (actual time=0.046..0.046 rows=0 loops=1)
                                             Index Cond: (contributor_name_text @@ to_tsquery('Vavic'::text))
                                       ->  Bitmap Index Scan on idx_sched_a_1979_1980_contrib_name_text_dt_sub_id  (cost=0.00..20.71 rows=62 width=0) (actual time=0.026..0.026 rows=0 loops=1)
                                             Index Cond: (contributor_name_text @@ to_tsquery('Vandemoer'::text))
                           ->  Bitmap Heap Scan on fec_fitem_sched_a_1981_1982  (cost=32.95..278.29 rows=44 width=3696) (actual time=1.898..1.898 rows=0 loops=1)
                                 Recheck Cond: ((contributor_name_text @@ to_tsquery('Vavic'::text)) OR (contributor_name_text @@ to_tsquery('Vandemoer'::text)))
                                 Filter: is_individual
                                 ->  BitmapOr  (cost=32.95..32.95 rows=57 width=0) (actual time=1.897..1.897 rows=0 loops=1)
                                       ->  Bitmap Index Scan on idx_sched_a_1981_1982_contrib_name_text_dt_sub_id  (cost=0.00..16.46 rows=28 width=0) (actual time=1.440..1.440 rows=0 loops=1)
                                             Index Cond: (contributor_name_text @@ to_tsquery('Vavic'::text))
                                       ->  Bitmap Index Scan on idx_sched_a_1981_1982_contrib_name_text_dt_sub_id  (cost=0.00..16.46 rows=28 width=0) (actual time=0.455..0.455 rows=0 loops=1)
                                             Index Cond: (contributor_name_text @@ to_tsquery('Vandemoer'::text))
                           ->  Bitmap Heap Scan on fec_fitem_sched_a_1983_1984  (cost=33.09..351.63 rows=67 width=3695) (actual time=0.100..0.100 rows=0 loops=1)
                                 Recheck Cond: ((contributor_name_text @@ to_tsquery('Vavic'::text)) OR (contributor_name_text @@ to_tsquery('Vandemoer'::text)))
                                 Filter: is_individual
                                 ->  BitmapOr  (cost=33.09..33.09 rows=74 width=0) (actual time=0.098..0.098 rows=0 loops=1)
                                       ->  Bitmap Index Scan on idx_sched_a_1983_1984_contrib_name_text_dt_sub_id  (cost=0.00..16.53 rows=37 width=0) (actual time=0.057..0.057 rows=0 loops=1)
                                             Index Cond: (contributor_name_text @@ to_tsquery('Vavic'::text))
                                       ->  Bitmap Index Scan on idx_sched_a_1983_1984_contrib_name_text_dt_sub_id  (cost=0.00..16.53 rows=37 width=0) (actual time=0.040..0.040 rows=0 loops=1)
                                             Index Cond: (contributor_name_text @@ to_tsquery('Vandemoer'::text))
                           ->  Bitmap Heap Scan on fec_fitem_sched_a_1985_1986  (cost=33.11..364.65 rows=71 width=3694) (actual time=0.072..0.072 rows=0 loops=1)
                                 Recheck Cond: ((contributor_name_text @@ to_tsquery('Vavic'::text)) OR (contributor_name_text @@ to_tsquery('Vandemoer'::text)))
                                 Filter: is_individual
                                 ->  BitmapOr  (cost=33.11..33.11 rows=77 width=0) (actual time=0.072..0.072 rows=0 loops=1)
                                       ->  Bitmap Index Scan on idx_sched_a_1985_1986_contrib_name_text_dt_sub_id  (cost=0.00..16.54 rows=38 width=0) (actual time=0.047..0.047 rows=0 loops=1)
                                             Index Cond: (contributor_name_text @@ to_tsquery('Vavic'::text))
                                       ->  Bitmap Index Scan on idx_sched_a_1985_1986_contrib_name_text_dt_sub_id  (cost=0.00..16.54 rows=38 width=0) (actual time=0.023..0.023 rows=0 loops=1)
                                             Index Cond: (contributor_name_text @@ to_tsquery('Vandemoer'::text))
                           ->  Bitmap Heap Scan on fec_fitem_sched_a_1987_1988  (cost=41.42..536.58 rows=109 width=3695) (actual time=0.080..0.080 rows=0 loops=1)
                                 Recheck Cond: ((contributor_name_text @@ to_tsquery('Vavic'::text)) OR (contributor_name_text @@ to_tsquery('Vandemoer'::text)))
                                 Filter: is_individual
                                 ->  BitmapOr  (cost=41.42..41.42 rows=115 width=0) (actual time=0.077..0.077 rows=0 loops=1)
                                       ->  Bitmap Index Scan on idx_sched_a_1987_1988_contrib_name_text_dt_sub_id  (cost=0.00..20.68 rows=58 width=0) (actual time=0.055..0.055 rows=0 loops=1)
                                             Index Cond: (contributor_name_text @@ to_tsquery('Vavic'::text))
                                       ->  Bitmap Index Scan on idx_sched_a_1987_1988_contrib_name_text_dt_sub_id  (cost=0.00..20.68 rows=58 width=0) (actual time=0.022..0.022 rows=0 loops=1)
                                             Index Cond: (contributor_name_text @@ to_tsquery('Vandemoer'::text))
                           ->  Bitmap Heap Scan on fec_fitem_sched_a_1989_1990  (cost=41.50..585.82 rows=121 width=3693) (actual time=0.065..0.065 rows=0 loops=1)
                                 Recheck Cond: ((contributor_name_text @@ to_tsquery('Vavic'::text)) OR (contributor_name_text @@ to_tsquery('Vandemoer'::text)))
                                 Filter: is_individual
                                 ->  BitmapOr  (cost=41.50..41.50 rows=126 width=0) (actual time=0.064..0.064 rows=0 loops=1)
                                       ->  Bitmap Index Scan on idx_sched_a_1989_1990_contrib_name_text_dt_sub_id  (cost=0.00..20.72 rows=63 width=0) (actual time=0.044..0.044 rows=0 loops=1)
                                             Index Cond: (contributor_name_text @@ to_tsquery('Vavic'::text))
                                       ->  Bitmap Index Scan on idx_sched_a_1989_1990_contrib_name_text_dt_sub_id  (cost=0.00..20.72 rows=63 width=0) (actual time=0.020..0.020 rows=0 loops=1)
                                             Index Cond: (contributor_name_text @@ to_tsquery('Vandemoer'::text))
                           ->  Bitmap Heap Scan on fec_fitem_sched_a_1991_1992  (cost=42.39..1062.48 rows=229 width=3689) (actual time=0.069..0.069 rows=0 loops=1)
                                 Recheck Cond: ((contributor_name_text @@ to_tsquery('Vavic'::text)) OR (contributor_name_text @@ to_tsquery('Vandemoer'::text)))
                                 Filter: is_individual
                                 ->  BitmapOr  (cost=42.39..42.39 rows=237 width=0) (actual time=0.067..0.067 rows=0 loops=1)
                                       ->  Bitmap Index Scan on idx_sched_a_1991_1992_contrib_name_text_dt_sub_id  (cost=0.00..21.14 rows=118 width=0) (actual time=0.041..0.041 rows=0 loops=1)
                                             Index Cond: (contributor_name_text @@ to_tsquery('Vavic'::text))
                                       ->  Bitmap Index Scan on idx_sched_a_1991_1992_contrib_name_text_dt_sub_id  (cost=0.00..21.14 rows=118 width=0) (actual time=0.024..0.024 rows=0 loops=1)
                                             Index Cond: (contributor_name_text @@ to_tsquery('Vandemoer'::text))
                           ->  Bitmap Heap Scan on fec_fitem_sched_a_1993_1994  (cost=42.29..1006.66 rows=217 width=3685) (actual time=0.071..0.071 rows=0 loops=1)
                                 Recheck Cond: ((contributor_name_text @@ to_tsquery('Vavic'::text)) OR (contributor_name_text @@ to_tsquery('Vandemoer'::text)))
                                 Filter: is_individual
                                 ->  BitmapOr  (cost=42.29..42.29 rows=224 width=0) (actual time=0.071..0.071 rows=0 loops=1)
                                       ->  Bitmap Index Scan on idx_sched_a_1993_1994_contrib_name_text_dt_sub_id  (cost=0.00..21.09 rows=112 width=0) (actual time=0.049..0.049 rows=0 loops=1)
                                             Index Cond: (contributor_name_text @@ to_tsquery('Vavic'::text))
                                       ->  Bitmap Index Scan on idx_sched_a_1993_1994_contrib_name_text_dt_sub_id  (cost=0.00..21.09 rows=112 width=0) (actual time=0.021..0.021 rows=0 loops=1)
                                             Index Cond: (contributor_name_text @@ to_tsquery('Vandemoer'::text))
                           ->  Bitmap Heap Scan on fec_fitem_sched_a_1995_1996  (cost=43.13..1459.55 rows=321 width=3684) (actual time=0.067..0.067 rows=0 loops=1)
                                 Recheck Cond: ((contributor_name_text @@ to_tsquery('Vavic'::text)) OR (contributor_name_text @@ to_tsquery('Vandemoer'::text)))
                                 Filter: is_individual
                                 ->  BitmapOr  (cost=43.13..43.13 rows=329 width=0) (actual time=0.066..0.066 rows=0 loops=1)
                                       ->  Bitmap Index Scan on idx_sched_a_1995_1996_contrib_name_text_dt_sub_id  (cost=0.00..21.49 rows=165 width=0) (actual time=0.037..0.037 rows=0 loops=1)
                                             Index Cond: (contributor_name_text @@ to_tsquery('Vavic'::text))
                                       ->  Bitmap Index Scan on idx_sched_a_1995_1996_contrib_name_text_dt_sub_id  (cost=0.00..21.49 rows=165 width=0) (actual time=0.027..0.027 rows=0 loops=1)
                                             Index Cond: (contributor_name_text @@ to_tsquery('Vandemoer'::text))
                           ->  Bitmap Heap Scan on fec_fitem_sched_a_1997_1998  (cost=42.66..1209.50 rows=263 width=3686) (actual time=0.074..0.074 rows=0 loops=1)
                                 Recheck Cond: ((contributor_name_text @@ to_tsquery('Vavic'::text)) OR (contributor_name_text @@ to_tsquery('Vandemoer'::text)))
                                 Filter: is_individual
                                 ->  BitmapOr  (cost=42.66..42.66 rows=271 width=0) (actual time=0.074..0.074 rows=0 loops=1)
                                       ->  Bitmap Index Scan on idx_sched_a_1997_1998_contrib_name_text_dt_sub_id  (cost=0.00..21.27 rows=136 width=0) (actual time=0.050..0.050 rows=0 loops=1)
                                             Index Cond: (contributor_name_text @@ to_tsquery('Vavic'::text))
                                       ->  Bitmap Index Scan on idx_sched_a_1997_1998_contrib_name_text_dt_sub_id  (cost=0.00..21.27 rows=136 width=0) (actual time=0.021..0.021 rows=0 loops=1)
                                             Index Cond: (contributor_name_text @@ to_tsquery('Vandemoer'::text))
                           ->  Bitmap Heap Scan on fec_fitem_sched_a_1999_2000  (cost=44.12..1991.10 rows=443 width=3681) (actual time=0.067..0.067 rows=0 loops=1)
                                 Recheck Cond: ((contributor_name_text @@ to_tsquery('Vavic'::text)) OR (contributor_name_text @@ to_tsquery('Vandemoer'::text)))
                                 Filter: is_individual
                                 ->  BitmapOr  (cost=44.12..44.12 rows=453 width=0) (actual time=0.066..0.066 rows=0 loops=1)
                                       ->  Bitmap Index Scan on idx_sched_a_1999_2000_contrib_name_text_dt_sub_id  (cost=0.00..21.95 rows=226 width=0) (actual time=0.037..0.037 rows=0 loops=1)
                                             Index Cond: (contributor_name_text @@ to_tsquery('Vavic'::text))
                                       ->  Bitmap Index Scan on idx_sched_a_1999_2000_contrib_name_text_dt_sub_id  (cost=0.00..21.95 rows=226 width=0) (actual time=0.027..0.027 rows=0 loops=1)
                                             Index Cond: (contributor_name_text @@ to_tsquery('Vandemoer'::text))
                           ->  Bitmap Heap Scan on fec_fitem_sched_a_2001_2002  (cost=43.57..1702.87 rows=375 width=2912) (actual time=0.064..0.064 rows=0 loops=1)
                                 Recheck Cond: ((contributor_name_text @@ to_tsquery('Vavic'::text)) OR (contributor_name_text @@ to_tsquery('Vandemoer'::text)))
                                 Filter: is_individual
                                 ->  BitmapOr  (cost=43.57..43.57 rows=385 width=0) (actual time=0.064..0.064 rows=0 loops=1)
                                       ->  Bitmap Index Scan on idx_sched_a_2001_2002_contrib_name_text_dt_sub_id  (cost=0.00..21.69 rows=192 width=0) (actual time=0.042..0.042 rows=0 loops=1)
                                             Index Cond: (contributor_name_text @@ to_tsquery('Vavic'::text))
                                       ->  Bitmap Index Scan on idx_sched_a_2001_2002_contrib_name_text_dt_sub_id  (cost=0.00..21.69 rows=192 width=0) (actual time=0.022..0.022 rows=0 loops=1)
                                             Index Cond: (contributor_name_text @@ to_tsquery('Vandemoer'::text))
                           ->  Bitmap Heap Scan on fec_fitem_sched_a_2003_2004  (cost=63.04..7955.22 rows=1723 width=1737) (actual time=0.097..0.151 rows=4 loops=1)
                                 Recheck Cond: ((contributor_name_text @@ to_tsquery('Vavic'::text)) OR (contributor_name_text @@ to_tsquery('Vandemoer'::text)))
                                 Filter: is_individual
                                 Heap Blocks: exact=4
                                 ->  BitmapOr  (cost=63.04..63.04 rows=1824 width=0) (actual time=0.082..0.082 rows=0 loops=1)
                                       ->  Bitmap Index Scan on idx_sched_a_2003_2004_contrib_name_text_dt_sub_id  (cost=0.00..31.09 rows=912 width=0) (actual time=0.054..0.054 rows=0 loops=1)
                                             Index Cond: (contributor_name_text @@ to_tsquery('Vavic'::text))
                                       ->  Bitmap Index Scan on idx_sched_a_2003_2004_contrib_name_text_dt_sub_id  (cost=0.00..31.09 rows=912 width=0) (actual time=0.026..0.026 rows=4 loops=1)
                                             Index Cond: (contributor_name_text @@ to_tsquery('Vandemoer'::text))
                           ->  Bitmap Heap Scan on fec_fitem_sched_a_2005_2006  (cost=62.82..7853.47 rows=1646 width=1522) (actual time=0.136..0.153 rows=2 loops=1)
                                 Recheck Cond: ((contributor_name_text @@ to_tsquery('Vavic'::text)) OR (contributor_name_text @@ to_tsquery('Vandemoer'::text)))
                                 Filter: is_individual
                                 Heap Blocks: exact=2
                                 ->  BitmapOr  (cost=62.82..62.82 rows=1800 width=0) (actual time=0.121..0.121 rows=0 loops=1)
                                       ->  Bitmap Index Scan on idx_sched_a_2005_2006_contrib_name_text_dt_sub_id  (cost=0.00..31.00 rows=900 width=0) (actual time=0.086..0.086 rows=0 loops=1)
                                             Index Cond: (contributor_name_text @@ to_tsquery('Vavic'::text))
                                       ->  Bitmap Index Scan on idx_sched_a_2005_2006_contrib_name_text_dt_sub_id  (cost=0.00..31.00 rows=900 width=0) (actual time=0.032..0.032 rows=2 loops=1)
                                             Index Cond: (contributor_name_text @@ to_tsquery('Vandemoer'::text))
                           ->  Bitmap Heap Scan on fec_fitem_sched_a_2007_2008  (cost=83.50..14743.97 rows=3199 width=1517) (actual time=0.105..0.145 rows=4 loops=1)
                                 Recheck Cond: ((contributor_name_text @@ to_tsquery('Vavic'::text)) OR (contributor_name_text @@ to_tsquery('Vandemoer'::text)))
                                 Filter: is_individual
                                 Heap Blocks: exact=4
                                 ->  BitmapOr  (cost=83.50..83.50 rows=3387 width=0) (actual time=0.089..0.089 rows=0 loops=1)
                                       ->  Bitmap Index Scan on idx_sched_a_2007_2008_contrib_name_text_dt_sub_id  (cost=0.00..40.95 rows=1694 width=0) (actual time=0.056..0.056 rows=0 loops=1)
                                             Index Cond: (contributor_name_text @@ to_tsquery('Vavic'::text))
                                       ->  Bitmap Index Scan on idx_sched_a_2007_2008_contrib_name_text_dt_sub_id  (cost=0.00..40.95 rows=1694 width=0) (actual time=0.027..0.027 rows=4 loops=1)
                                             Index Cond: (contributor_name_text @@ to_tsquery('Vandemoer'::text))
                           ->  Bitmap Heap Scan on fec_fitem_sched_a_2009_2010  (cost=76.84..11135.91 rows=2361 width=1538) (actual time=0.147..0.158 rows=2 loops=1)
                                 Recheck Cond: ((contributor_name_text @@ to_tsquery('Vavic'::text)) OR (contributor_name_text @@ to_tsquery('Vandemoer'::text)))
                                 Filter: is_individual
                                 Heap Blocks: exact=2
                                 ->  BitmapOr  (cost=76.84..76.84 rows=2554 width=0) (actual time=0.131..0.131 rows=0 loops=1)
                                       ->  Bitmap Index Scan on idx_sched_a_2009_2010_contrib_name_text_dt_sub_id  (cost=0.00..37.83 rows=1277 width=0) (actual time=0.079..0.079 rows=0 loops=1)
                                             Index Cond: (contributor_name_text @@ to_tsquery('Vavic'::text))
                                       ->  Bitmap Index Scan on idx_sched_a_2009_2010_contrib_name_text_dt_sub_id  (cost=0.00..37.83 rows=1277 width=0) (actual time=0.050..0.050 rows=2 loops=1)
                                             Index Cond: (contributor_name_text @@ to_tsquery('Vandemoer'::text))
                           ->  Bitmap Heap Scan on fec_fitem_sched_a_2011_2012  (cost=2613.18..26883.78 rows=5275 width=1416) (actual time=8.736..8.747 rows=2 loops=1)
                                 Recheck Cond: ((contributor_name_text @@ to_tsquery('Vavic'::text)) OR (contributor_name_text @@ to_tsquery('Vandemoer'::text)))
                                 Filter: is_individual
                                 Heap Blocks: exact=2
                                 ->  BitmapOr  (cost=2613.18..2613.18 rows=5605 width=0) (actual time=8.722..8.722 rows=0 loops=1)
                                       ->  Bitmap Index Scan on idx_sched_a_2011_2012_contrib_name_text_amt_sub_id  (cost=0.00..1305.27 rows=2803 width=0) (actual time=5.648..5.648 rows=0 loops=1)
                                             Index Cond: (contributor_name_text @@ to_tsquery('Vavic'::text))
                                       ->  Bitmap Index Scan on idx_sched_a_2011_2012_contrib_name_text_amt_sub_id  (cost=0.00..1305.27 rows=2803 width=0) (actual time=3.071..3.071 rows=2 loops=1)
                                             Index Cond: (contributor_name_text @@ to_tsquery('Vandemoer'::text))
                           ->  Bitmap Heap Scan on fec_fitem_sched_a_2013_2014  (cost=560.89..26913.74 rows=5516 width=1419) (actual time=1.323..1.413 rows=10 loops=1)
                                 Recheck Cond: ((contributor_name_text @@ to_tsquery('Vavic'::text)) OR (contributor_name_text @@ to_tsquery('Vandemoer'::text)))
                                 Filter: is_individual
                                 Heap Blocks: exact=10
                                 ->  BitmapOr  (cost=560.89..560.89 rows=6084 width=0) (actual time=1.307..1.307 rows=0 loops=1)
                                       ->  Bitmap Index Scan on idx_sched_a_2013_2014_contrib_name_text_amt_sub_id  (cost=0.00..279.06 rows=3042 width=0) (actual time=0.688..0.688 rows=0 loops=1)
                                             Index Cond: (contributor_name_text @@ to_tsquery('Vavic'::text))
                                       ->  Bitmap Index Scan on idx_sched_a_2013_2014_contrib_name_text_amt_sub_id  (cost=0.00..279.06 rows=3042 width=0) (actual time=0.616..0.616 rows=10 loops=1)
                                             Index Cond: (contributor_name_text @@ to_tsquery('Vandemoer'::text))
                           ->  Bitmap Heap Scan on fec_fitem_sched_a_2015_2016  (cost=1091.57..64065.09 rows=12994 width=1575) (actual time=2.842..2.843 rows=1 loops=1)
                                 Recheck Cond: ((contributor_name_text @@ to_tsquery('Vavic'::text)) OR (contributor_name_text @@ to_tsquery('Vandemoer'::text)))
                                 Filter: is_individual
                                 Heap Blocks: exact=1
                                 ->  BitmapOr  (cost=1091.57..1091.57 rows=14476 width=0) (actual time=2.827..2.827 rows=0 loops=1)
                                       ->  Bitmap Index Scan on idx_sched_a_2015_2016_contrib_name_text_amt_sub_id  (cost=0.00..542.54 rows=7238 width=0) (actual time=1.548..1.548 rows=0 loops=1)
                                             Index Cond: (contributor_name_text @@ to_tsquery('Vavic'::text))
                                       ->  Bitmap Index Scan on idx_sched_a_2015_2016_contrib_name_text_amt_sub_id  (cost=0.00..542.54 rows=7238 width=0) (actual time=1.279..1.279 rows=1 loops=1)
                                             Index Cond: (contributor_name_text @@ to_tsquery('Vandemoer'::text))
                           ->  Bitmap Heap Scan on fec_fitem_sched_a_2017_2018  (cost=272.34..87837.23 rows=18463 width=1489) (actual time=0.097..0.097 rows=0 loops=1)
                                 Recheck Cond: ((contributor_name_text @@ to_tsquery('Vavic'::text)) OR (contributor_name_text @@ to_tsquery('Vandemoer'::text)))
                                 Filter: is_individual
                                 ->  BitmapOr  (cost=272.34..272.34 rows=20082 width=0) (actual time=0.096..0.096 rows=0 loops=1)
                                       ->  Bitmap Index Scan on idx_sched_a_2017_2018_contrib_name_text_dt_sub_id  (cost=0.00..131.56 rows=10041 width=0) (actual time=0.053..0.053 rows=0 loops=1)
                                             Index Cond: (contributor_name_text @@ to_tsquery('Vavic'::text))
                                       ->  Bitmap Index Scan on idx_sched_a_2017_2018_contrib_name_text_dt_sub_id  (cost=0.00..131.56 rows=10041 width=0) (actual time=0.041..0.041 rows=0 loops=1)
                                             Index Cond: (contributor_name_text @@ to_tsquery('Vandemoer'::text))
                           ->  Bitmap Heap Scan on fec_fitem_sched_a_2019_2020  (cost=41.15..394.19 rows=75 width=1590) (actual time=0.063..0.063 rows=0 loops=1)
                                 Recheck Cond: ((contributor_name_text @@ to_tsquery('Vavic'::text)) OR (contributor_name_text @@ to_tsquery('Vandemoer'::text)))
                                 Filter: is_individual
                                 ->  BitmapOr  (cost=41.15..41.15 rows=81 width=0) (actual time=0.062..0.062 rows=0 loops=1)
                                       ->  Bitmap Index Scan on idx_sched_a_2019_2020_contrib_name_text_dt_sub_id  (cost=0.00..20.55 rows=41 width=0) (actual time=0.039..0.039 rows=0 loops=1)
                                             Index Cond: (contributor_name_text @@ to_tsquery('Vavic'::text))
                                       ->  Bitmap Index Scan on idx_sched_a_2019_2020_contrib_name_text_dt_sub_id  (cost=0.00..20.55 rows=41 width=0) (actual time=0.020..0.020 rows=0 loops=1)
                                             Index Cond: (contributor_name_text @@ to_tsquery('Vandemoer'::text))
                     ->  Hash  (cost=26495.11..26495.11 rows=236711 width=325) (actual time=634.958..634.958 rows=236711 loops=1)
                           Buckets: 262144  Batches: 2  Memory Usage: 41092kB
                           ->  Seq Scan on ofec_committee_history_mv ofec_committee_history_mv_1  (cost=0.00..26495.11 rows=236711 width=325) (actual time=0.016..353.220 rows=236711 loops=1)
               ->  Hash  (cost=26495.11..26495.11 rows=236711 width=325) (actual time=461.298..461.298 rows=236711 loops=1)
                     Buckets: 262144  Batches: 2  Memory Usage: 41092kB
                     ->  Seq Scan on ofec_committee_history_mv ofec_committee_history_mv_2  (cost=0.00..26495.11 rows=236711 width=325) (actual time=0.006..189.085 rows=236711 loops=1)
 Planning time: 60.498 ms
 Execution time: 1191.199 ms
(210 rows)

